<?xml version="1.0" encoding="UTF-8"?>
<hazelcast id="hazelcast-consul-discovery" 
           xsi:schemaLocation="http://www.hazelcast.com/schema/config hazelcast-config-3.7.xsd"
           xmlns="http://www.hazelcast.com/schema/config"
           xmlns:xsi="http://www.w3.org/2001/XMLSchema-instance">
           
    <!-- 
     #####################
      IMPORTANT: @see src/main/resources/hazelcast-consul-discovery-spi-example.xml
      For documentation on the discovery-strategy properties and their usage
     #####################
     -->
    <group>
        <name>test-test1</name>
        <password>haz3lcast1</password>
    </group>

    <properties>
        <property name="hazelcast.discovery.enabled">true</property>
        <property name="hazelcast.shutdownhook.enabled">false</property> 
    </properties>

    <network>
        <port auto-increment="true">5701</port>
        
        <join>
            <multicast enabled="false"/>
              <aws enabled="false"/>
              <tcp-ip enabled="false" />
              
             <discovery-strategies>
        
               <discovery-strategy enabled="true"
                   class="org.bitsofinfo.hazelcast.discovery.docker.swarm.DockerSwarmDiscoveryStrategy">
        
                 <properties>
                      <property name="docker-network-names">${dockerNetworkNames}</property>
                      <property name="docker-service-names">${dockerServiceNames}</property>
                      <property name="docker-service-labels">${dockerServiceLabels}</property>
                      <property name="hazelcast-peer-port">${hazelcastPeerPort}</property>       
                 </properties>
                 
               </discovery-strategy>
               
             </discovery-strategies>
              
        </join>
        
        <interfaces enabled="true">
            <interface>127.0.0.1</interface>
        </interfaces> 
    </network>
</hazelcast>
